<?xml version="1.0" encoding="UTF-8"?>
<testng-results skipped="0" failed="0" ignored="0" total="1" passed="1">
  <reporter-output>
  </reporter-output>
  <suite name="Default suite" duration-ms="41" started-at="2019-11-11T17:01:15 IST" finished-at="2019-11-11T17:01:15 IST">
    <groups>
    </groups>
    <test name="Default test" duration-ms="41" started-at="2019-11-11T17:01:15 IST" finished-at="2019-11-11T17:01:15 IST">
      <class name="com.TestBase.PrintTriangle">
        <test-method status="PASS" signature="test2()[pri:0, instance:com.TestBase.PrintTriangle@335eadca]" name="test2" duration-ms="9" started-at="2019-11-11T17:01:15 IST" finished-at="2019-11-11T17:01:15 IST">
          <reporter-output>
          </reporter-output>
        </test-method> <!-- test2 -->
      </class> <!-- com.TestBase.PrintTriangle -->
    </test> <!-- Default test -->
  </suite> <!-- Default suite -->
</testng-results>
